# JRE version: OpenJDK Runtime Environment (8.0_152-b01) (build 1.8.0_152-release-1343-b01)
# Java VM: OpenJDK 64-Bit Server VM (25.152-b01 mixed mode windows-amd64 compressed oops)
Heap:
 PSYoungGen      total 197632K, used 186481K [0x00000000e0000000, 0x00000000ee700000, 0x0000000100000000)
  eden space 179712K, 97% used [0x00000000e0000000,0x00000000eab135e0,0x00000000eaf80000)
  from space 17920K, 63% used [0x00000000eaf80000,0x00000000eba89070,0x00000000ec100000)
  to   space 17920K, 0% used [0x00000000ed580000,0x00000000ed580000,0x00000000ee700000)
 ParOldGen       total 73728K, used 42185K [0x00000000a0000000, 0x00000000a4800000, 0x00000000e0000000)
  object space 73728K, 57% used [0x00000000a0000000,0x00000000a29324c8,0x00000000a4800000)
 Metaspace       used 75633K, capacity 77677K, committed 77784K, reserved 1116160K
  class space    used 9747K, capacity 10226K, committed 10240K, reserved 1048576K
GC Heap History (10 events):
Event: 37.547 GC heap before
{Heap before GC invocations=20 (full 3):
 PSYoungGen      total 153600K, used 142336K [0x00000000e0000000, 0x00000000ea300000, 0x0000000100000000)
  eden space 142336K, 100% used [0x00000000e0000000,0x00000000e8b00000,0x00000000e8b00000)
  from space 11264K, 0% used [0x00000000e9780000,0x00000000e9780000,0x00000000ea280000)
  to   space 12288K, 0% used [0x00000000e8b00000,0x00000000e8b00000,0x00000000e9700000)
 ParOldGen       total 73728K, used 32030K [0x00000000a0000000, 0x00000000a4800000, 0x00000000e0000000)
  object space 73728K, 43% used [0x00000000a0000000,0x00000000a1f479e0,0x00000000a4800000)
 Metaspace       used 61588K, capacity 63327K, committed 63448K, reserved 1103872K
  class space    used 8267K, capacity 8669K, committed 8704K, reserved 1048576K
Event: 37.578 GC heap after
Heap after GC invocations=20 (full 3):
 PSYoungGen      total 154624K, used 10937K [0x00000000e0000000, 0x00000000ebc80000, 0x0000000100000000)
  eden space 142336K, 0% used [0x00000000e0000000,0x00000000e0000000,0x00000000e8b00000)
  from space 12288K, 89% used [0x00000000e8b00000,0x00000000e95ae568,0x00000000e9700000)
  to   space 13312K, 0% used [0x00000000eaf80000,0x00000000eaf80000,0x00000000ebc80000)
 ParOldGen       total 73728K, used 32038K [0x00000000a0000000, 0x00000000a4800000, 0x00000000e0000000)
  object space 73728K, 43% used [0x00000000a0000000,0x00000000a1f499e0,0x00000000a4800000)
 Metaspace       used 61588K, capacity 63327K, committed 63448K, reserved 1103872K
  class space    used 8267K, capacity 8669K, committed 8704K, reserved 1048576K
}
Event: 60.105 GC heap before
{Heap before GC invocations=21 (full 3):
 PSYoungGen      total 154624K, used 153273K [0x00000000e0000000, 0x00000000ebc80000, 0x0000000100000000)
  eden space 142336K, 100% used [0x00000000e0000000,0x00000000e8b00000,0x00000000e8b00000)
  from space 12288K, 89% used [0x00000000e8b00000,0x00000000e95ae568,0x00000000e9700000)
  to   space 13312K, 0% used [0x00000000eaf80000,0x00000000eaf80000,0x00000000ebc80000)
 ParOldGen       total 73728K, used 32038K [0x00000000a0000000, 0x00000000a4800000, 0x00000000e0000000)
  object space 73728K, 43% used [0x00000000a0000000,0x00000000a1f499e0,0x00000000a4800000)
 Metaspace       used 65314K, capacity 67133K, committed 67160K, reserved 1107968K
  class space    used 8642K, capacity 9074K, committed 9088K, reserved 1048576K
Event: 60.125 GC heap after
Heap after GC invocations=21 (full 3):
 PSYoungGen      total 174592K, used 10613K [0x00000000e0000000, 0x00000000ebb00000, 0x0000000100000000)
  eden space 162816K, 0% used [0x00000000e0000000,0x00000000e0000000,0x00000000e9f00000)
  from space 11776K, 90% used [0x00000000eaf80000,0x00000000eb9dd780,0x00000000ebb00000)
  to   space 14336K, 0% used [0x00000000e9f00000,0x00000000e9f00000,0x00000000ead00000)
 ParOldGen       total 73728K, used 32046K [0x00000000a0000000, 0x00000000a4800000, 0x00000000e0000000)
  object space 73728K, 43% used [0x00000000a0000000,0x00000000a1f4b9e0,0x00000000a4800000)
 Metaspace       used 65314K, capacity 67133K, committed 67160K, reserved 1107968K
  class space    used 8642K, capacity 9074K, committed 9088K, reserved 1048576K
}
Event: 83.335 GC heap before
{Heap before GC invocations=22 (full 3):
 PSYoungGen      total 174592K, used 173429K [0x00000000e0000000, 0x00000000ebb00000, 0x0000000100000000)
  eden space 162816K, 100% used [0x00000000e0000000,0x00000000e9f00000,0x00000000e9f00000)
  from space 11776K, 90% used [0x00000000eaf80000,0x00000000eb9dd780,0x00000000ebb00000)
  to   space 14336K, 0% used [0x00000000e9f00000,0x00000000e9f00000,0x00000000ead00000)
 ParOldGen       total 73728K, used 32046K [0x00000000a0000000, 0x00000000a4800000, 0x00000000e0000000)
  object space 73728K, 43% used [0x00000000a0000000,0x00000000a1f4b9e0,0x00000000a4800000)
 Metaspace       used 66585K, capacity 68465K, committed 68568K, reserved 1107968K
  class space    used 8760K, capacity 9186K, committed 9216K, reserved 1048576K
Event: 83.360 GC heap after
Heap after GC invocations=22 (full 3):
 PSYoungGen      total 177152K, used 10266K [0x00000000e0000000, 0x00000000ecf80000, 0x0000000100000000)
  eden space 162816K, 0% used [0x00000000e0000000,0x00000000e0000000,0x00000000e9f00000)
  from space 14336K, 71% used [0x00000000e9f00000,0x00000000ea906bc0,0x00000000ead00000)
  to   space 14848K, 0% used [0x00000000ec100000,0x00000000ec100000,0x00000000ecf80000)
 ParOldGen       total 73728K, used 32054K [0x00000000a0000000, 0x00000000a4800000, 0x00000000e0000000)
  object space 73728K, 43% used [0x00000000a0000000,0x00000000a1f4d9e0,0x00000000a4800000)
 Metaspace       used 66585K, capacity 68465K, committed 68568K, reserved 1107968K
  class space    used 8760K, capacity 9186K, committed 9216K, reserved 1048576K
}
Event: 99.392 GC heap before
{Heap before GC invocations=23 (full 3):
 PSYoungGen      total 177152K, used 173082K [0x00000000e0000000, 0x00000000ecf80000, 0x0000000100000000)
  eden space 162816K, 100% used [0x00000000e0000000,0x00000000e9f00000,0x00000000e9f00000)
  from space 14336K, 71% used [0x00000000e9f00000,0x00000000ea906bc0,0x00000000ead00000)
  to   space 14848K, 0% used [0x00000000ec100000,0x00000000ec100000,0x00000000ecf80000)
 ParOldGen       total 73728K, used 32054K [0x00000000a0000000, 0x00000000a4800000, 0x00000000e0000000)
  object space 73728K, 43% used [0x00000000a0000000,0x00000000a1f4d9e0,0x00000000a4800000)
 Metaspace       used 72670K, capacity 74705K, committed 74840K, reserved 1114112K
  class space    used 9417K, capacity 9836K, committed 9856K, reserved 1048576K
Event: 99.443 GC heap after
Heap after GC invocations=23 (full 3):
 PSYoungGen      total 194560K, used 14827K [0x00000000e0000000, 0x00000000ed400000, 0x0000000100000000)
  eden space 179712K, 0% used [0x00000000e0000000,0x00000000e0000000,0x00000000eaf80000)
  from space 14848K, 99% used [0x00000000ec100000,0x00000000ecf7ae48,0x00000000ecf80000)
  to   space 17920K, 0% used [0x00000000eaf80000,0x00000000eaf80000,0x00000000ec100000)
 ParOldGen       total 73728K, used 34038K [0x00000000a0000000, 0x00000000a4800000, 0x00000000e0000000)
  object space 73728K, 46% used [0x00000000a0000000,0x00000000a213d9f0,0x00000000a4800000)
 Metaspace       used 72670K, capacity 74705K, committed 74840K, reserved 1114112K
  class space    used 9417K, capacity 9836K, committed 9856K, reserved 1048576K
}
Event: 104.148 GC heap before
{Heap before GC invocations=24 (full 3):
 PSYoungGen      total 194560K, used 194539K [0x00000000e0000000, 0x00000000ed400000, 0x0000000100000000)
  eden space 179712K, 100% used [0x00000000e0000000,0x00000000eaf80000,0x00000000eaf80000)
  from space 14848K, 99% used [0x00000000ec100000,0x00000000ecf7ae48,0x00000000ecf80000)
  to   space 17920K, 0% used [0x00000000eaf80000,0x00000000eaf80000,0x00000000ec100000)
 ParOldGen       total 73728K, used 34038K [0x00000000a0000000, 0x00000000a4800000, 0x00000000e0000000)
  object space 73728K, 46% used [0x00000000a0000000,0x00000000a213d9f0,0x00000000a4800000)
 Metaspace       used 72684K, capacity 74705K, committed 74840K, reserved 1114112K
  class space    used 9417K, capacity 9836K, committed 9856K, reserved 1048576K
Event: 104.177 GC heap after
Heap after GC invocations=24 (full 3):
 PSYoungGen      total 197632K, used 11300K [0x00000000e0000000, 0x00000000ee700000, 0x0000000100000000)
  eden space 179712K, 0% used [0x00000000e0000000,0x00000000e0000000,0x00000000eaf80000)
  from space 17920K, 63% used [0x00000000eaf80000,0x00000000eba89070,0x00000000ec100000)
  to   space 17920K, 0% used [0x00000000ed580000,0x00000000ed580000,0x00000000ee700000)
 ParOldGen       total 73728K, used 42185K [0x00000000a0000000, 0x00000000a4800000, 0x00000000e0000000)
  object space 73728K, 57% used [0x00000000a0000000,0x00000000a29324c8,0x00000000a4800000)
 Metaspace       used 72684K, capacity 74705K, committed 74840K, reserved 1114112K
  class space    used 9417K, capacity 9836K, committed 9856K, reserved 1048576K
}

