# JRE version: OpenJDK Runtime Environment (8.0_152-b01) (build 1.8.0_152-release-1343-b01)
# Java VM: OpenJDK 64-Bit Server VM (25.152-b01 mixed mode windows-amd64 compressed oops)
Heap:
 PSYoungGen      total 45568K, used 5641K [0x00000000e0000000, 0x00000000e3180000, 0x0000000100000000)
  eden space 40448K, 7% used [0x00000000e0000000,0x00000000e02e3060,0x00000000e2780000)
  from space 5120K, 52% used [0x00000000e2780000,0x00000000e2a1f500,0x00000000e2c80000)
  to   space 5120K, 0% used [0x00000000e2c80000,0x00000000e2c80000,0x00000000e3180000)
 ParOldGen       total 48128K, used 35505K [0x00000000a0000000, 0x00000000a2f00000, 0x00000000e0000000)
  object space 48128K, 73% used [0x00000000a0000000,0x00000000a22ac458,0x00000000a2f00000)
 Metaspace       used 65032K, capacity 66934K, committed 67288K, reserved 1107968K
  class space    used 8728K, capacity 9166K, committed 9216K, reserved 1048576K
GC Heap History (10 events):
Event: 361.525 GC heap before
{Heap before GC invocations=42 (full 3):
 PSYoungGen      total 34304K, used 33496K [0x00000000e0000000, 0x00000000e2780000, 0x0000000100000000)
  eden space 30208K, 100% used [0x00000000e0000000,0x00000000e1d80000,0x00000000e1d80000)
  from space 4096K, 80% used [0x00000000e2380000,0x00000000e26b6070,0x00000000e2780000)
  to   space 5120K, 0% used [0x00000000e1d80000,0x00000000e1d80000,0x00000000e2280000)
 ParOldGen       total 48128K, used 26617K [0x00000000a0000000, 0x00000000a2f00000, 0x00000000e0000000)
  object space 48128K, 55% used [0x00000000a0000000,0x00000000a19fe618,0x00000000a2f00000)
 Metaspace       used 61459K, capacity 63188K, committed 63320K, reserved 1103872K
  class space    used 8345K, capacity 8809K, committed 8832K, reserved 1048576K
Event: 361.553 GC heap after
Heap after GC invocations=42 (full 3):
 PSYoungGen      total 35328K, used 3644K [0x00000000e0000000, 0x00000000e2d00000, 0x0000000100000000)
  eden space 30208K, 0% used [0x00000000e0000000,0x00000000e0000000,0x00000000e1d80000)
  from space 5120K, 71% used [0x00000000e1d80000,0x00000000e210f3d8,0x00000000e2280000)
  to   space 5120K, 0% used [0x00000000e2800000,0x00000000e2800000,0x00000000e2d00000)
 ParOldGen       total 48128K, used 28492K [0x00000000a0000000, 0x00000000a2f00000, 0x00000000e0000000)
  object space 48128K, 59% used [0x00000000a0000000,0x00000000a1bd3278,0x00000000a2f00000)
 Metaspace       used 61459K, capacity 63188K, committed 63320K, reserved 1103872K
  class space    used 8345K, capacity 8809K, committed 8832K, reserved 1048576K
}
Event: 369.519 GC heap before
{Heap before GC invocations=43 (full 3):
 PSYoungGen      total 35328K, used 33852K [0x00000000e0000000, 0x00000000e2d00000, 0x0000000100000000)
  eden space 30208K, 100% used [0x00000000e0000000,0x00000000e1d80000,0x00000000e1d80000)
  from space 5120K, 71% used [0x00000000e1d80000,0x00000000e210f3d8,0x00000000e2280000)
  to   space 5120K, 0% used [0x00000000e2800000,0x00000000e2800000,0x00000000e2d00000)
 ParOldGen       total 48128K, used 28492K [0x00000000a0000000, 0x00000000a2f00000, 0x00000000e0000000)
  object space 48128K, 59% used [0x00000000a0000000,0x00000000a1bd3278,0x00000000a2f00000)
 Metaspace       used 63459K, capacity 65240K, committed 65368K, reserved 1105920K
  class space    used 8569K, capacity 9035K, committed 9088K, reserved 1048576K
Event: 369.537 GC heap after
Heap after GC invocations=43 (full 3):
 PSYoungGen      total 39936K, used 3306K [0x00000000e0000000, 0x00000000e2c80000, 0x0000000100000000)
  eden space 35328K, 0% used [0x00000000e0000000,0x00000000e0000000,0x00000000e2280000)
  from space 4608K, 71% used [0x00000000e2800000,0x00000000e2b3a9f0,0x00000000e2c80000)
  to   space 5120K, 0% used [0x00000000e2280000,0x00000000e2280000,0x00000000e2780000)
 ParOldGen       total 48128K, used 30792K [0x00000000a0000000, 0x00000000a2f00000, 0x00000000e0000000)
  object space 48128K, 63% used [0x00000000a0000000,0x00000000a1e12308,0x00000000a2f00000)
 Metaspace       used 63459K, capacity 65240K, committed 65368K, reserved 1105920K
  class space    used 8569K, capacity 9035K, committed 9088K, reserved 1048576K
}
Event: 374.206 GC heap before
{Heap before GC invocations=44 (full 3):
 PSYoungGen      total 39936K, used 38634K [0x00000000e0000000, 0x00000000e2c80000, 0x0000000100000000)
  eden space 35328K, 100% used [0x00000000e0000000,0x00000000e2280000,0x00000000e2280000)
  from space 4608K, 71% used [0x00000000e2800000,0x00000000e2b3a9f0,0x00000000e2c80000)
  to   space 5120K, 0% used [0x00000000e2280000,0x00000000e2280000,0x00000000e2780000)
 ParOldGen       total 48128K, used 30792K [0x00000000a0000000, 0x00000000a2f00000, 0x00000000e0000000)
  object space 48128K, 63% used [0x00000000a0000000,0x00000000a1e12308,0x00000000a2f00000)
 Metaspace       used 64023K, capacity 65968K, committed 66136K, reserved 1105920K
  class space    used 8614K, capacity 9085K, committed 9088K, reserved 1048576K
Event: 374.214 GC heap after
Heap after GC invocations=44 (full 3):
 PSYoungGen      total 40448K, used 2345K [0x00000000e0000000, 0x00000000e3180000, 0x0000000100000000)
  eden space 35328K, 0% used [0x00000000e0000000,0x00000000e0000000,0x00000000e2280000)
  from space 5120K, 45% used [0x00000000e2280000,0x00000000e24ca738,0x00000000e2780000)
  to   space 5120K, 0% used [0x00000000e2c80000,0x00000000e2c80000,0x00000000e3180000)
 ParOldGen       total 48128K, used 33128K [0x00000000a0000000, 0x00000000a2f00000, 0x00000000e0000000)
  object space 48128K, 68% used [0x00000000a0000000,0x00000000a205a3b8,0x00000000a2f00000)
 Metaspace       used 64023K, capacity 65968K, committed 66136K, reserved 1105920K
  class space    used 8614K, capacity 9085K, committed 9088K, reserved 1048576K
}
Event: 375.734 GC heap before
{Heap before GC invocations=45 (full 3):
 PSYoungGen      total 40448K, used 37673K [0x00000000e0000000, 0x00000000e3180000, 0x0000000100000000)
  eden space 35328K, 100% used [0x00000000e0000000,0x00000000e2280000,0x00000000e2280000)
  from space 5120K, 45% used [0x00000000e2280000,0x00000000e24ca738,0x00000000e2780000)
  to   space 5120K, 0% used [0x00000000e2c80000,0x00000000e2c80000,0x00000000e3180000)
 ParOldGen       total 48128K, used 33128K [0x00000000a0000000, 0x00000000a2f00000, 0x00000000e0000000)
  object space 48128K, 68% used [0x00000000a0000000,0x00000000a205a3b8,0x00000000a2f00000)
 Metaspace       used 64076K, capacity 65968K, committed 66136K, reserved 1105920K
  class space    used 8615K, capacity 9085K, committed 9088K, reserved 1048576K
Event: 375.743 GC heap after
Heap after GC invocations=45 (full 3):
 PSYoungGen      total 45568K, used 416K [0x00000000e0000000, 0x00000000e3180000, 0x0000000100000000)
  eden space 40448K, 0% used [0x00000000e0000000,0x00000000e0000000,0x00000000e2780000)
  from space 5120K, 8% used [0x00000000e2c80000,0x00000000e2ce8000,0x00000000e3180000)
  to   space 5120K, 0% used [0x00000000e2780000,0x00000000e2780000,0x00000000e2c80000)
 ParOldGen       total 48128K, used 35193K [0x00000000a0000000, 0x00000000a2f00000, 0x00000000e0000000)
  object space 48128K, 73% used [0x00000000a0000000,0x00000000a225e428,0x00000000a2f00000)
 Metaspace       used 64076K, capacity 65968K, committed 66136K, reserved 1105920K
  class space    used 8615K, capacity 9085K, committed 9088K, reserved 1048576K
}
Event: 397.688 GC heap before
{Heap before GC invocations=46 (full 3):
 PSYoungGen      total 45568K, used 40864K [0x00000000e0000000, 0x00000000e3180000, 0x0000000100000000)
  eden space 40448K, 100% used [0x00000000e0000000,0x00000000e2780000,0x00000000e2780000)
  from space 5120K, 8% used [0x00000000e2c80000,0x00000000e2ce8000,0x00000000e3180000)
  to   space 5120K, 0% used [0x00000000e2780000,0x00000000e2780000,0x00000000e2c80000)
 ParOldGen       total 48128K, used 35193K [0x00000000a0000000, 0x00000000a2f00000, 0x00000000e0000000)
  object space 48128K, 73% used [0x00000000a0000000,0x00000000a225e428,0x00000000a2f00000)
 Metaspace       used 65003K, capacity 66864K, committed 67032K, reserved 1107968K
  class space    used 8727K, capacity 9165K, committed 9216K, reserved 1048576K
Event: 397.699 GC heap after
Heap after GC invocations=46 (full 3):
 PSYoungGen      total 45568K, used 2685K [0x00000000e0000000, 0x00000000e3180000, 0x0000000100000000)
  eden space 40448K, 0% used [0x00000000e0000000,0x00000000e0000000,0x00000000e2780000)
  from space 5120K, 52% used [0x00000000e2780000,0x00000000e2a1f500,0x00000000e2c80000)
  to   space 5120K, 0% used [0x00000000e2c80000,0x00000000e2c80000,0x00000000e3180000)
 ParOldGen       total 48128K, used 35505K [0x00000000a0000000, 0x00000000a2f00000, 0x00000000e0000000)
  object space 48128K, 73% used [0x00000000a0000000,0x00000000a22ac458,0x00000000a2f00000)
 Metaspace       used 65003K, capacity 66864K, committed 67032K, reserved 1107968K
  class space    used 8727K, capacity 9165K, committed 9216K, reserved 1048576K
}

