# JRE version: OpenJDK Runtime Environment (8.0_152-b01) (build 1.8.0_152-release-1343-b01)
# Java VM: OpenJDK 64-Bit Server VM (25.152-b01 mixed mode windows-amd64 compressed oops)
Heap:
 PSYoungGen      total 327680K, used 31704K [0x00000000e0000000, 0x00000000f5b00000, 0x0000000100000000)
  eden space 301568K, 10% used [0x00000000e0000000,0x00000000e1ef6078,0x00000000f2680000)
  from space 26112K, 0% used [0x00000000f2800000,0x00000000f2800000,0x00000000f4180000)
  to   space 20992K, 0% used [0x00000000f4680000,0x00000000f4680000,0x00000000f5b00000)
 ParOldGen       total 86016K, used 48345K [0x00000000a0000000, 0x00000000a5400000, 0x00000000e0000000)
  object space 86016K, 56% used [0x00000000a0000000,0x00000000a2f36790,0x00000000a5400000)
 Metaspace       used 76480K, capacity 79200K, committed 79448K, reserved 1118208K
  class space    used 9932K, capacity 10513K, committed 10624K, reserved 1048576K
GC Heap History (10 events):
Event: 66.062 GC heap before
{Heap before GC invocations=13 (full 3):
 PSYoungGen      total 276992K, used 17418K [0x00000000e0000000, 0x00000000f3c80000, 0x0000000100000000)
  eden space 257536K, 0% used [0x00000000e0000000,0x00000000e0000000,0x00000000efb80000)
  from space 19456K, 89% used [0x00000000f1080000,0x00000000f2182a60,0x00000000f2380000)
  to   space 21504K, 0% used [0x00000000efb80000,0x00000000efb80000,0x00000000f1080000)
 ParOldGen       total 57856K, used 23202K [0x00000000a0000000, 0x00000000a3880000, 0x00000000e0000000)
  object space 57856K, 40% used [0x00000000a0000000,0x00000000a16a88d0,0x00000000a3880000)
 Metaspace       used 57310K, capacity 58988K, committed 59096K, reserved 1099776K
  class space    used 7733K, capacity 8120K, committed 8192K, reserved 1048576K
Event: 66.727 GC heap after
Heap after GC invocations=13 (full 3):
 PSYoungGen      total 276992K, used 0K [0x00000000e0000000, 0x00000000f3c80000, 0x0000000100000000)
  eden space 257536K, 0% used [0x00000000e0000000,0x00000000e0000000,0x00000000efb80000)
  from space 19456K, 0% used [0x00000000f1080000,0x00000000f1080000,0x00000000f2380000)
  to   space 21504K, 0% used [0x00000000efb80000,0x00000000efb80000,0x00000000f1080000)
 ParOldGen       total 86016K, used 32053K [0x00000000a0000000, 0x00000000a5400000, 0x00000000e0000000)
  object space 86016K, 37% used [0x00000000a0000000,0x00000000a1f4d438,0x00000000a5400000)
 Metaspace       used 57310K, capacity 58988K, committed 59096K, reserved 1099776K
  class space    used 7733K, capacity 8120K, committed 8192K, reserved 1048576K
}
Event: 98.292 GC heap before
{Heap before GC invocations=14 (full 3):
 PSYoungGen      total 276992K, used 257536K [0x00000000e0000000, 0x00000000f3c80000, 0x0000000100000000)
  eden space 257536K, 100% used [0x00000000e0000000,0x00000000efb80000,0x00000000efb80000)
  from space 19456K, 0% used [0x00000000f1080000,0x00000000f1080000,0x00000000f2380000)
  to   space 21504K, 0% used [0x00000000efb80000,0x00000000efb80000,0x00000000f1080000)
 ParOldGen       total 86016K, used 32053K [0x00000000a0000000, 0x00000000a5400000, 0x00000000e0000000)
  object space 86016K, 37% used [0x00000000a0000000,0x00000000a1f4d438,0x00000000a5400000)
 Metaspace       used 66924K, capacity 69458K, committed 69720K, reserved 1110016K
  class space    used 8970K, capacity 9527K, committed 9600K, reserved 1048576K
Event: 98.407 GC heap after
Heap after GC invocations=14 (full 3):
 PSYoungGen      total 279040K, used 16950K [0x00000000e0000000, 0x00000000f5d80000, 0x0000000100000000)
  eden space 257536K, 0% used [0x00000000e0000000,0x00000000e0000000,0x00000000efb80000)
  from space 21504K, 78% used [0x00000000efb80000,0x00000000f0c0da40,0x00000000f1080000)
  to   space 23552K, 0% used [0x00000000f4680000,0x00000000f4680000,0x00000000f5d80000)
 ParOldGen       total 86016K, used 32061K [0x00000000a0000000, 0x00000000a5400000, 0x00000000e0000000)
  object space 86016K, 37% used [0x00000000a0000000,0x00000000a1f4f438,0x00000000a5400000)
 Metaspace       used 66924K, capacity 69458K, committed 69720K, reserved 1110016K
  class space    used 8970K, capacity 9527K, committed 9600K, reserved 1048576K
}
Event: 589.790 GC heap before
{Heap before GC invocations=15 (full 3):
 PSYoungGen      total 279040K, used 274486K [0x00000000e0000000, 0x00000000f5d80000, 0x0000000100000000)
  eden space 257536K, 100% used [0x00000000e0000000,0x00000000efb80000,0x00000000efb80000)
  from space 21504K, 78% used [0x00000000efb80000,0x00000000f0c0da40,0x00000000f1080000)
  to   space 23552K, 0% used [0x00000000f4680000,0x00000000f4680000,0x00000000f5d80000)
 ParOldGen       total 86016K, used 32061K [0x00000000a0000000, 0x00000000a5400000, 0x00000000e0000000)
  object space 86016K, 37% used [0x00000000a0000000,0x00000000a1f4f438,0x00000000a5400000)
 Metaspace       used 70119K, capacity 72846K, committed 73048K, reserved 1112064K
  class space    used 9167K, capacity 9772K, committed 9856K, reserved 1048576K
Event: 589.842 GC heap after
Heap after GC invocations=15 (full 3):
 PSYoungGen      total 322560K, used 20684K [0x00000000e0000000, 0x00000000f5b00000, 0x0000000100000000)
  eden space 301568K, 0% used [0x00000000e0000000,0x00000000e0000000,0x00000000f2680000)
  from space 20992K, 98% used [0x00000000f4680000,0x00000000f5ab3228,0x00000000f5b00000)
  to   space 26112K, 0% used [0x00000000f2800000,0x00000000f2800000,0x00000000f4180000)
 ParOldGen       total 86016K, used 32069K [0x00000000a0000000, 0x00000000a5400000, 0x00000000e0000000)
  object space 86016K, 37% used [0x00000000a0000000,0x00000000a1f51438,0x00000000a5400000)
 Metaspace       used 70119K, capacity 72846K, committed 73048K, reserved 1112064K
  class space    used 9167K, capacity 9772K, committed 9856K, reserved 1048576K
}
Event: 647.437 GC heap before
{Heap before GC invocations=16 (full 3):
 PSYoungGen      total 322560K, used 226238K [0x00000000e0000000, 0x00000000f5b00000, 0x0000000100000000)
  eden space 301568K, 68% used [0x00000000e0000000,0x00000000ec8bc7e8,0x00000000f2680000)
  from space 20992K, 98% used [0x00000000f4680000,0x00000000f5ab3228,0x00000000f5b00000)
  to   space 26112K, 0% used [0x00000000f2800000,0x00000000f2800000,0x00000000f4180000)
 ParOldGen       total 86016K, used 32069K [0x00000000a0000000, 0x00000000a5400000, 0x00000000e0000000)
  object space 86016K, 37% used [0x00000000a0000000,0x00000000a1f51438,0x00000000a5400000)
 Metaspace       used 74823K, capacity 77588K, committed 77656K, reserved 1120256K
  class space    used 9754K, capacity 10343K, committed 10368K, reserved 1048576K
Event: 647.481 GC heap after
Heap after GC invocations=16 (full 3):
 PSYoungGen      total 327680K, used 26082K [0x00000000e0000000, 0x00000000f5b00000, 0x0000000100000000)
  eden space 301568K, 0% used [0x00000000e0000000,0x00000000e0000000,0x00000000f2680000)
  from space 26112K, 99% used [0x00000000f2800000,0x00000000f4178848,0x00000000f4180000)
  to   space 20992K, 0% used [0x00000000f4680000,0x00000000f4680000,0x00000000f5b00000)
 ParOldGen       total 86016K, used 32530K [0x00000000a0000000, 0x00000000a5400000, 0x00000000e0000000)
  object space 86016K, 37% used [0x00000000a0000000,0x00000000a1fc4a88,0x00000000a5400000)
 Metaspace       used 74823K, capacity 77588K, committed 77656K, reserved 1120256K
  class space    used 9754K, capacity 10343K, committed 10368K, reserved 1048576K
}
Event: 647.481 GC heap before
{Heap before GC invocations=17 (full 4):
 PSYoungGen      total 327680K, used 26082K [0x00000000e0000000, 0x00000000f5b00000, 0x0000000100000000)
  eden space 301568K, 0% used [0x00000000e0000000,0x00000000e0000000,0x00000000f2680000)
  from space 26112K, 99% used [0x00000000f2800000,0x00000000f4178848,0x00000000f4180000)
  to   space 20992K, 0% used [0x00000000f4680000,0x00000000f4680000,0x00000000f5b00000)
 ParOldGen       total 86016K, used 32530K [0x00000000a0000000, 0x00000000a5400000, 0x00000000e0000000)
  object space 86016K, 37% used [0x00000000a0000000,0x00000000a1fc4a88,0x00000000a5400000)
 Metaspace       used 74823K, capacity 77588K, committed 77656K, reserved 1120256K
  class space    used 9754K, capacity 10343K, committed 10368K, reserved 1048576K
Event: 647.793 GC heap after
Heap after GC invocations=17 (full 4):
 PSYoungGen      total 327680K, used 0K [0x00000000e0000000, 0x00000000f5b00000, 0x0000000100000000)
  eden space 301568K, 0% used [0x00000000e0000000,0x00000000e0000000,0x00000000f2680000)
  from space 26112K, 0% used [0x00000000f2800000,0x00000000f2800000,0x00000000f4180000)
  to   space 20992K, 0% used [0x00000000f4680000,0x00000000f4680000,0x00000000f5b00000)
 ParOldGen       total 86016K, used 48345K [0x00000000a0000000, 0x00000000a5400000, 0x00000000e0000000)
  object space 86016K, 56% used [0x00000000a0000000,0x00000000a2f36790,0x00000000a5400000)
 Metaspace       used 74783K, capacity 77472K, committed 77656K, reserved 1118208K
  class space    used 9742K, capacity 10321K, committed 10368K, reserved 1048576K
}

