# JRE version: OpenJDK Runtime Environment (8.0_152-b01) (build 1.8.0_152-release-1343-b01)
# Java VM: OpenJDK 64-Bit Server VM (25.152-b01 mixed mode windows-amd64 compressed oops)
Heap:
 PSYoungGen      total 104448K, used 51328K [0x00000000e0000000, 0x00000000e7a00000, 0x0000000100000000)
  eden space 86528K, 48% used [0x00000000e0000000,0x00000000e2928960,0x00000000e5480000)
  from space 17920K, 51% used [0x00000000e5480000,0x00000000e5d77790,0x00000000e6600000)
  to   space 14848K, 0% used [0x00000000e6600000,0x00000000e6600000,0x00000000e7480000)
 ParOldGen       total 86016K, used 81783K [0x00000000a0000000, 0x00000000a5400000, 0x00000000e0000000)
  object space 86016K, 95% used [0x00000000a0000000,0x00000000a4fddcc0,0x00000000a5400000)
 Metaspace       used 77721K, capacity 80206K, committed 80856K, reserved 1120256K
  class space    used 10240K, capacity 10778K, committed 11008K, reserved 1048576K
GC Heap History (10 events):
Event: 172.536 GC heap before
{Heap before GC invocations=33 (full 3):
 PSYoungGen      total 82944K, used 75736K [0x00000000e0000000, 0x00000000e6600000, 0x0000000100000000)
  eden space 71168K, 100% used [0x00000000e0000000,0x00000000e4580000,0x00000000e4580000)
  from space 11776K, 38% used [0x00000000e4580000,0x00000000e49f62c8,0x00000000e5100000)
  to   space 11264K, 0% used [0x00000000e5b00000,0x00000000e5b00000,0x00000000e6600000)
 ParOldGen       total 77312K, used 34146K [0x00000000a0000000, 0x00000000a4b80000, 0x00000000e0000000)
  object space 77312K, 44% used [0x00000000a0000000,0x00000000a2158aa8,0x00000000a4b80000)
 Metaspace       used 67262K, capacity 69042K, committed 69336K, reserved 1110016K
  class space    used 8989K, capacity 9432K, committed 9472K, reserved 1048576K
Event: 172.567 GC heap after
Heap after GC invocations=33 (full 3):
 PSYoungGen      total 90624K, used 11261K [0x00000000e0000000, 0x00000000e6980000, 0x0000000100000000)
  eden space 79360K, 0% used [0x00000000e0000000,0x00000000e0000000,0x00000000e4d80000)
  from space 11264K, 99% used [0x00000000e5b00000,0x00000000e65ff5e0,0x00000000e6600000)
  to   space 13824K, 0% used [0x00000000e4d80000,0x00000000e4d80000,0x00000000e5b00000)
 ParOldGen       total 77312K, used 37122K [0x00000000a0000000, 0x00000000a4b80000, 0x00000000e0000000)
  object space 77312K, 48% used [0x00000000a0000000,0x00000000a24408f0,0x00000000a4b80000)
 Metaspace       used 67262K, capacity 69042K, committed 69336K, reserved 1110016K
  class space    used 8989K, capacity 9432K, committed 9472K, reserved 1048576K
}
Event: 184.331 GC heap before
{Heap before GC invocations=34 (full 3):
 PSYoungGen      total 90624K, used 90619K [0x00000000e0000000, 0x00000000e6980000, 0x0000000100000000)
  eden space 79360K, 99% used [0x00000000e0000000,0x00000000e4d7f698,0x00000000e4d80000)
  from space 11264K, 99% used [0x00000000e5b00000,0x00000000e65ff5e0,0x00000000e6600000)
  to   space 13824K, 0% used [0x00000000e4d80000,0x00000000e4d80000,0x00000000e5b00000)
 ParOldGen       total 77312K, used 37122K [0x00000000a0000000, 0x00000000a4b80000, 0x00000000e0000000)
  object space 77312K, 48% used [0x00000000a0000000,0x00000000a24408f0,0x00000000a4b80000)
 Metaspace       used 68901K, capacity 70744K, committed 71000K, reserved 1110016K
  class space    used 9096K, capacity 9529K, committed 9600K, reserved 1048576K
Event: 184.393 GC heap after
Heap after GC invocations=34 (full 3):
 PSYoungGen      total 93184K, used 10899K [0x00000000e0000000, 0x00000000e7480000, 0x0000000100000000)
  eden space 79360K, 0% used [0x00000000e0000000,0x00000000e0000000,0x00000000e4d80000)
  from space 13824K, 78% used [0x00000000e4d80000,0x00000000e5824c88,0x00000000e5b00000)
  to   space 14848K, 0% used [0x00000000e6600000,0x00000000e6600000,0x00000000e7480000)
 ParOldGen       total 77312K, used 44101K [0x00000000a0000000, 0x00000000a4b80000, 0x00000000e0000000)
  object space 77312K, 57% used [0x00000000a0000000,0x00000000a2b11468,0x00000000a4b80000)
 Metaspace       used 68901K, capacity 70744K, committed 71000K, reserved 1110016K
  class space    used 9096K, capacity 9529K, committed 9600K, reserved 1048576K
}
Event: 205.617 GC heap before
{Heap before GC invocations=35 (full 3):
 PSYoungGen      total 93184K, used 85599K [0x00000000e0000000, 0x00000000e7480000, 0x0000000100000000)
  eden space 79360K, 94% used [0x00000000e0000000,0x00000000e48f31f0,0x00000000e4d80000)
  from space 13824K, 78% used [0x00000000e4d80000,0x00000000e5824c88,0x00000000e5b00000)
  to   space 14848K, 0% used [0x00000000e6600000,0x00000000e6600000,0x00000000e7480000)
 ParOldGen       total 77312K, used 44101K [0x00000000a0000000, 0x00000000a4b80000, 0x00000000e0000000)
  object space 77312K, 57% used [0x00000000a0000000,0x00000000a2b11468,0x00000000a4b80000)
 Metaspace       used 76765K, capacity 79492K, committed 79576K, reserved 1118208K
  class space    used 10133K, capacity 10709K, committed 10752K, reserved 1048576K
Event: 205.667 GC heap after
Heap after GC invocations=35 (full 3):
 PSYoungGen      total 101376K, used 14846K [0x00000000e0000000, 0x00000000e7a00000, 0x0000000100000000)
  eden space 86528K, 0% used [0x00000000e0000000,0x00000000e0000000,0x00000000e5480000)
  from space 14848K, 99% used [0x00000000e6600000,0x00000000e747faa8,0x00000000e7480000)
  to   space 17920K, 0% used [0x00000000e5480000,0x00000000e5480000,0x00000000e6600000)
 ParOldGen       total 77312K, used 46694K [0x00000000a0000000, 0x00000000a4b80000, 0x00000000e0000000)
  object space 77312K, 60% used [0x00000000a0000000,0x00000000a2d99908,0x00000000a4b80000)
 Metaspace       used 76765K, capacity 79492K, committed 79576K, reserved 1118208K
  class space    used 10133K, capacity 10709K, committed 10752K, reserved 1048576K
}
Event: 206.376 GC heap before
{Heap before GC invocations=36 (full 3):
 PSYoungGen      total 101376K, used 101374K [0x00000000e0000000, 0x00000000e7a00000, 0x0000000100000000)
  eden space 86528K, 100% used [0x00000000e0000000,0x00000000e5480000,0x00000000e5480000)
  from space 14848K, 99% used [0x00000000e6600000,0x00000000e747faa8,0x00000000e7480000)
  to   space 17920K, 0% used [0x00000000e5480000,0x00000000e5480000,0x00000000e6600000)
 ParOldGen       total 77312K, used 46694K [0x00000000a0000000, 0x00000000a4b80000, 0x00000000e0000000)
  object space 77312K, 60% used [0x00000000a0000000,0x00000000a2d99908,0x00000000a4b80000)
 Metaspace       used 77829K, capacity 80622K, committed 80856K, reserved 1120256K
  class space    used 10308K, capacity 10902K, committed 11008K, reserved 1048576K
Event: 206.448 GC heap after
Heap after GC invocations=36 (full 3):
 PSYoungGen      total 104448K, used 17888K [0x00000000e0000000, 0x00000000e7a00000, 0x0000000100000000)
  eden space 86528K, 0% used [0x00000000e0000000,0x00000000e0000000,0x00000000e5480000)
  from space 17920K, 99% used [0x00000000e5480000,0x00000000e65f8128,0x00000000e6600000)
  to   space 14848K, 0% used [0x00000000e6600000,0x00000000e6600000,0x00000000e7480000)
 ParOldGen       total 86016K, used 85554K [0x00000000a0000000, 0x00000000a5400000, 0x00000000e0000000)
  object space 86016K, 99% used [0x00000000a0000000,0x00000000a538c910,0x00000000a5400000)
 Metaspace       used 77829K, capacity 80622K, committed 80856K, reserved 1120256K
  class space    used 10308K, capacity 10902K, committed 11008K, reserved 1048576K
}
Event: 206.448 GC heap before
{Heap before GC invocations=37 (full 4):
 PSYoungGen      total 104448K, used 17888K [0x00000000e0000000, 0x00000000e7a00000, 0x0000000100000000)
  eden space 86528K, 0% used [0x00000000e0000000,0x00000000e0000000,0x00000000e5480000)
  from space 17920K, 99% used [0x00000000e5480000,0x00000000e65f8128,0x00000000e6600000)
  to   space 14848K, 0% used [0x00000000e6600000,0x00000000e6600000,0x00000000e7480000)
 ParOldGen       total 86016K, used 85554K [0x00000000a0000000, 0x00000000a5400000, 0x00000000e0000000)
  object space 86016K, 99% used [0x00000000a0000000,0x00000000a538c910,0x00000000a5400000)
 Metaspace       used 77829K, capacity 80622K, committed 80856K, reserved 1120256K
  class space    used 10308K, capacity 10902K, committed 11008K, reserved 1048576K
Event: 207.053 GC heap after
Heap after GC invocations=37 (full 4):
 PSYoungGen      total 104448K, used 9181K [0x00000000e0000000, 0x00000000e7a00000, 0x0000000100000000)
  eden space 86528K, 0% used [0x00000000e0000000,0x00000000e0000000,0x00000000e5480000)
  from space 17920K, 51% used [0x00000000e5480000,0x00000000e5d77790,0x00000000e6600000)
  to   space 14848K, 0% used [0x00000000e6600000,0x00000000e6600000,0x00000000e7480000)
 ParOldGen       total 86016K, used 81783K [0x00000000a0000000, 0x00000000a5400000, 0x00000000e0000000)
  object space 86016K, 95% used [0x00000000a0000000,0x00000000a4fddcc0,0x00000000a5400000)
 Metaspace       used 77620K, capacity 80032K, committed 80856K, reserved 1120256K
  class space    used 10237K, capacity 10777K, committed 11008K, reserved 1048576K
}

