# JRE version: OpenJDK Runtime Environment (8.0_152-b01) (build 1.8.0_152-release-1343-b01)
# Java VM: OpenJDK 64-Bit Server VM (25.152-b01 mixed mode windows-amd64 compressed oops)
Heap:
 PSYoungGen      total 75776K, used 34087K [0x00000000e0000000, 0x00000000e5100000, 0x0000000100000000)
  eden space 69632K, 42% used [0x00000000e0000000,0x00000000e1d14c28,0x00000000e4400000)
  from space 6144K, 70% used [0x00000000e4b00000,0x00000000e4f35048,0x00000000e5100000)
  to   space 6656K, 0% used [0x00000000e4400000,0x00000000e4400000,0x00000000e4a80000)
 ParOldGen       total 34304K, used 11262K [0x00000000a0000000, 0x00000000a2180000, 0x00000000e0000000)
  object space 34304K, 32% used [0x00000000a0000000,0x00000000a0affbb8,0x00000000a2180000)
 Metaspace       used 32342K, capacity 32804K, committed 33152K, reserved 1077248K
  class space    used 4455K, capacity 4650K, committed 4736K, reserved 1048576K
GC Heap History (10 events):
Event: 5.623 GC heap before
{Heap before GC invocations=9 (full 0):
 PSYoungGen      total 37888K, used 36655K [0x00000000e0000000, 0x00000000e2a00000, 0x0000000100000000)
  eden space 32768K, 100% used [0x00000000e0000000,0x00000000e2000000,0x00000000e2000000)
  from space 5120K, 75% used [0x00000000e2500000,0x00000000e28cbd08,0x00000000e2a00000)
  to   space 5120K, 0% used [0x00000000e2000000,0x00000000e2000000,0x00000000e2500000)
 ParOldGen       total 44032K, used 6656K [0x00000000a0000000, 0x00000000a2b00000, 0x00000000e0000000)
  object space 44032K, 15% used [0x00000000a0000000,0x00000000a06803e0,0x00000000a2b00000)
 Metaspace       used 19523K, capacity 19982K, committed 20224K, reserved 1067008K
  class space    used 2811K, capacity 2991K, committed 3072K, reserved 1048576K
Event: 5.633 GC heap after
Heap after GC invocations=9 (full 0):
 PSYoungGen      total 37888K, used 5118K [0x00000000e0000000, 0x00000000e3f80000, 0x0000000100000000)
  eden space 32768K, 0% used [0x00000000e0000000,0x00000000e0000000,0x00000000e2000000)
  from space 5120K, 99% used [0x00000000e2000000,0x00000000e24ffb70,0x00000000e2500000)
  to   space 6144K, 0% used [0x00000000e3980000,0x00000000e3980000,0x00000000e3f80000)
 ParOldGen       total 44032K, used 7866K [0x00000000a0000000, 0x00000000a2b00000, 0x00000000e0000000)
  object space 44032K, 17% used [0x00000000a0000000,0x00000000a07ae9c0,0x00000000a2b00000)
 Metaspace       used 19523K, capacity 19982K, committed 20224K, reserved 1067008K
  class space    used 2811K, capacity 2991K, committed 3072K, reserved 1048576K
}
Event: 6.051 GC heap before
{Heap before GC invocations=10 (full 0):
 PSYoungGen      total 37888K, used 12787K [0x00000000e0000000, 0x00000000e3f80000, 0x0000000100000000)
  eden space 32768K, 23% used [0x00000000e0000000,0x00000000e077d448,0x00000000e2000000)
  from space 5120K, 99% used [0x00000000e2000000,0x00000000e24ffb70,0x00000000e2500000)
  to   space 6144K, 0% used [0x00000000e3980000,0x00000000e3980000,0x00000000e3f80000)
 ParOldGen       total 44032K, used 7866K [0x00000000a0000000, 0x00000000a2b00000, 0x00000000e0000000)
  object space 44032K, 17% used [0x00000000a0000000,0x00000000a07ae9c0,0x00000000a2b00000)
 Metaspace       used 20680K, capacity 21102K, committed 21296K, reserved 1067008K
  class space    used 2903K, capacity 3087K, committed 3200K, reserved 1048576K
Event: 6.060 GC heap after
Heap after GC invocations=10 (full 0):
 PSYoungGen      total 58880K, used 2669K [0x00000000e0000000, 0x00000000e3f80000, 0x0000000100000000)
  eden space 52736K, 0% used [0x00000000e0000000,0x00000000e0000000,0x00000000e3380000)
  from space 6144K, 43% used [0x00000000e3980000,0x00000000e3c1b690,0x00000000e3f80000)
  to   space 6144K, 0% used [0x00000000e3380000,0x00000000e3380000,0x00000000e3980000)
 ParOldGen       total 44032K, used 9036K [0x00000000a0000000, 0x00000000a2b00000, 0x00000000e0000000)
  object space 44032K, 20% used [0x00000000a0000000,0x00000000a08d30e8,0x00000000a2b00000)
 Metaspace       used 20680K, capacity 21102K, committed 21296K, reserved 1067008K
  class space    used 2903K, capacity 3087K, committed 3200K, reserved 1048576K
}
Event: 6.060 GC heap before
{Heap before GC invocations=11 (full 1):
 PSYoungGen      total 58880K, used 2669K [0x00000000e0000000, 0x00000000e3f80000, 0x0000000100000000)
  eden space 52736K, 0% used [0x00000000e0000000,0x00000000e0000000,0x00000000e3380000)
  from space 6144K, 43% used [0x00000000e3980000,0x00000000e3c1b690,0x00000000e3f80000)
  to   space 6144K, 0% used [0x00000000e3380000,0x00000000e3380000,0x00000000e3980000)
 ParOldGen       total 44032K, used 9036K [0x00000000a0000000, 0x00000000a2b00000, 0x00000000e0000000)
  object space 44032K, 20% used [0x00000000a0000000,0x00000000a08d30e8,0x00000000a2b00000)
 Metaspace       used 20680K, capacity 21102K, committed 21296K, reserved 1067008K
  class space    used 2903K, capacity 3087K, committed 3200K, reserved 1048576K
Event: 6.142 GC heap after
Heap after GC invocations=11 (full 1):
 PSYoungGen      total 58880K, used 0K [0x00000000e0000000, 0x00000000e3f80000, 0x0000000100000000)
  eden space 52736K, 0% used [0x00000000e0000000,0x00000000e0000000,0x00000000e3380000)
  from space 6144K, 0% used [0x00000000e3980000,0x00000000e3980000,0x00000000e3f80000)
  to   space 6144K, 0% used [0x00000000e3380000,0x00000000e3380000,0x00000000e3980000)
 ParOldGen       total 34304K, used 7788K [0x00000000a0000000, 0x00000000a2180000, 0x00000000e0000000)
  object space 34304K, 22% used [0x00000000a0000000,0x00000000a079b260,0x00000000a2180000)
 Metaspace       used 20680K, capacity 21102K, committed 21296K, reserved 1067008K
  class space    used 2903K, capacity 3087K, committed 3200K, reserved 1048576K
}
Event: 8.902 GC heap before
{Heap before GC invocations=12 (full 1):
 PSYoungGen      total 58880K, used 52736K [0x00000000e0000000, 0x00000000e3f80000, 0x0000000100000000)
  eden space 52736K, 100% used [0x00000000e0000000,0x00000000e3380000,0x00000000e3380000)
  from space 6144K, 0% used [0x00000000e3980000,0x00000000e3980000,0x00000000e3f80000)
  to   space 6144K, 0% used [0x00000000e3380000,0x00000000e3380000,0x00000000e3980000)
 ParOldGen       total 34304K, used 7788K [0x00000000a0000000, 0x00000000a2180000, 0x00000000e0000000)
  object space 34304K, 22% used [0x00000000a0000000,0x00000000a079b260,0x00000000a2180000)
 Metaspace       used 27439K, capacity 27936K, committed 28032K, reserved 1073152K
  class space    used 3748K, capacity 3929K, committed 3968K, reserved 1048576K
Event: 8.921 GC heap after
Heap after GC invocations=12 (full 1):
 PSYoungGen      total 58880K, used 6129K [0x00000000e0000000, 0x00000000e5200000, 0x0000000100000000)
  eden space 52736K, 0% used [0x00000000e0000000,0x00000000e0000000,0x00000000e3380000)
  from space 6144K, 99% used [0x00000000e3380000,0x00000000e397c450,0x00000000e3980000)
  to   space 7168K, 0% used [0x00000000e4b00000,0x00000000e4b00000,0x00000000e5200000)
 ParOldGen       total 34304K, used 8382K [0x00000000a0000000, 0x00000000a2180000, 0x00000000e0000000)
  object space 34304K, 24% used [0x00000000a0000000,0x00000000a082fba8,0x00000000a2180000)
 Metaspace       used 27439K, capacity 27936K, committed 28032K, reserved 1073152K
  class space    used 3748K, capacity 3929K, committed 3968K, reserved 1048576K
}
Event: 9.938 GC heap before
{Heap before GC invocations=13 (full 1):
 PSYoungGen      total 58880K, used 58865K [0x00000000e0000000, 0x00000000e5200000, 0x0000000100000000)
  eden space 52736K, 100% used [0x00000000e0000000,0x00000000e3380000,0x00000000e3380000)
  from space 6144K, 99% used [0x00000000e3380000,0x00000000e397c450,0x00000000e3980000)
  to   space 7168K, 0% used [0x00000000e4b00000,0x00000000e4b00000,0x00000000e5200000)
 ParOldGen       total 34304K, used 8382K [0x00000000a0000000, 0x00000000a2180000, 0x00000000e0000000)
  object space 34304K, 24% used [0x00000000a0000000,0x00000000a082fba8,0x00000000a2180000)
 Metaspace       used 30714K, capacity 31204K, committed 31360K, reserved 1077248K
  class space    used 4204K, capacity 4394K, committed 4480K, reserved 1048576K
Event: 9.955 GC heap after
Heap after GC invocations=13 (full 1):
 PSYoungGen      total 75776K, used 4308K [0x00000000e0000000, 0x00000000e5100000, 0x0000000100000000)
  eden space 69632K, 0% used [0x00000000e0000000,0x00000000e0000000,0x00000000e4400000)
  from space 6144K, 70% used [0x00000000e4b00000,0x00000000e4f35048,0x00000000e5100000)
  to   space 6656K, 0% used [0x00000000e4400000,0x00000000e4400000,0x00000000e4a80000)
 ParOldGen       total 34304K, used 11262K [0x00000000a0000000, 0x00000000a2180000, 0x00000000e0000000)
  object space 34304K, 32% used [0x00000000a0000000,0x00000000a0affbb8,0x00000000a2180000)
 Metaspace       used 30714K, capacity 31204K, committed 31360K, reserved 1077248K
  class space    used 4204K, capacity 4394K, committed 4480K, reserved 1048576K
}

