# JRE version: OpenJDK Runtime Environment (8.0_152-b01) (build 1.8.0_152-release-1343-b01)
# Java VM: OpenJDK 64-Bit Server VM (25.152-b01 mixed mode windows-amd64 compressed oops)
Heap:
 PSYoungGen      total 52224K, used 22914K [0x00000000e0000000, 0x00000000e3a00000, 0x0000000100000000)
  eden space 45056K, 45% used [0x00000000e0000000,0x00000000e13d4990,0x00000000e2c00000)
  from space 7168K, 36% used [0x00000000e3300000,0x00000000e358c080,0x00000000e3a00000)
  to   space 7168K, 0% used [0x00000000e2c00000,0x00000000e2c00000,0x00000000e3300000)
 ParOldGen       total 32768K, used 11123K [0x00000000a0000000, 0x00000000a2000000, 0x00000000e0000000)
  object space 32768K, 33% used [0x00000000a0000000,0x00000000a0adcfe8,0x00000000a2000000)
 Metaspace       used 31416K, capacity 31912K, committed 32256K, reserved 1077248K
  class space    used 4329K, capacity 4522K, committed 4608K, reserved 1048576K
GC Heap History (10 events):
Event: 8.197 GC heap before
{Heap before GC invocations=9 (full 0):
 PSYoungGen      total 37888K, used 13129K [0x00000000e0000000, 0x00000000e2a00000, 0x0000000100000000)
  eden space 32768K, 24% used [0x00000000e0000000,0x00000000e07d72f0,0x00000000e2000000)
  from space 5120K, 99% used [0x00000000e2500000,0x00000000e29fb2a0,0x00000000e2a00000)
  to   space 5120K, 0% used [0x00000000e2000000,0x00000000e2000000,0x00000000e2500000)
 ParOldGen       total 44032K, used 8532K [0x00000000a0000000, 0x00000000a2b00000, 0x00000000e0000000)
  object space 44032K, 19% used [0x00000000a0000000,0x00000000a0855138,0x00000000a2b00000)
 Metaspace       used 20689K, capacity 21106K, committed 21296K, reserved 1067008K
  class space    used 2902K, capacity 3087K, committed 3200K, reserved 1048576K
Event: 8.208 GC heap after
Heap after GC invocations=9 (full 0):
 PSYoungGen      total 37888K, used 3986K [0x00000000e0000000, 0x00000000e2a00000, 0x0000000100000000)
  eden space 32768K, 0% used [0x00000000e0000000,0x00000000e0000000,0x00000000e2000000)
  from space 5120K, 77% used [0x00000000e2000000,0x00000000e23e49f8,0x00000000e2500000)
  to   space 5120K, 0% used [0x00000000e2500000,0x00000000e2500000,0x00000000e2a00000)
 ParOldGen       total 44032K, used 9429K [0x00000000a0000000, 0x00000000a2b00000, 0x00000000e0000000)
  object space 44032K, 21% used [0x00000000a0000000,0x00000000a0935510,0x00000000a2b00000)
 Metaspace       used 20689K, capacity 21106K, committed 21296K, reserved 1067008K
  class space    used 2902K, capacity 3087K, committed 3200K, reserved 1048576K
}
Event: 8.209 GC heap before
{Heap before GC invocations=10 (full 1):
 PSYoungGen      total 37888K, used 3986K [0x00000000e0000000, 0x00000000e2a00000, 0x0000000100000000)
  eden space 32768K, 0% used [0x00000000e0000000,0x00000000e0000000,0x00000000e2000000)
  from space 5120K, 77% used [0x00000000e2000000,0x00000000e23e49f8,0x00000000e2500000)
  to   space 5120K, 0% used [0x00000000e2500000,0x00000000e2500000,0x00000000e2a00000)
 ParOldGen       total 44032K, used 9429K [0x00000000a0000000, 0x00000000a2b00000, 0x00000000e0000000)
  object space 44032K, 21% used [0x00000000a0000000,0x00000000a0935510,0x00000000a2b00000)
 Metaspace       used 20689K, capacity 21106K, committed 21296K, reserved 1067008K
  class space    used 2902K, capacity 3087K, committed 3200K, reserved 1048576K
Event: 8.310 GC heap after
Heap after GC invocations=10 (full 1):
 PSYoungGen      total 37888K, used 0K [0x00000000e0000000, 0x00000000e2a00000, 0x0000000100000000)
  eden space 32768K, 0% used [0x00000000e0000000,0x00000000e0000000,0x00000000e2000000)
  from space 5120K, 0% used [0x00000000e2000000,0x00000000e2000000,0x00000000e2500000)
  to   space 5120K, 0% used [0x00000000e2500000,0x00000000e2500000,0x00000000e2a00000)
 ParOldGen       total 32768K, used 7823K [0x00000000a0000000, 0x00000000a2000000, 0x00000000e0000000)
  object space 32768K, 23% used [0x00000000a0000000,0x00000000a07a3fc8,0x00000000a2000000)
 Metaspace       used 20689K, capacity 21106K, committed 21296K, reserved 1067008K
  class space    used 2902K, capacity 3087K, committed 3200K, reserved 1048576K
}
Event: 9.407 GC heap before
{Heap before GC invocations=11 (full 1):
 PSYoungGen      total 37888K, used 32768K [0x00000000e0000000, 0x00000000e2a00000, 0x0000000100000000)
  eden space 32768K, 100% used [0x00000000e0000000,0x00000000e2000000,0x00000000e2000000)
  from space 5120K, 0% used [0x00000000e2000000,0x00000000e2000000,0x00000000e2500000)
  to   space 5120K, 0% used [0x00000000e2500000,0x00000000e2500000,0x00000000e2a00000)
 ParOldGen       total 32768K, used 7823K [0x00000000a0000000, 0x00000000a2000000, 0x00000000e0000000)
  object space 32768K, 23% used [0x00000000a0000000,0x00000000a07a3fc8,0x00000000a2000000)
 Metaspace       used 25709K, capacity 26110K, committed 26240K, reserved 1071104K
  class space    used 3467K, capacity 3640K, committed 3712K, reserved 1048576K
Event: 9.417 GC heap after
Heap after GC invocations=11 (full 1):
 PSYoungGen      total 37888K, used 4451K [0x00000000e0000000, 0x00000000e2a00000, 0x0000000100000000)
  eden space 32768K, 0% used [0x00000000e0000000,0x00000000e0000000,0x00000000e2000000)
  from space 5120K, 86% used [0x00000000e2500000,0x00000000e2958e48,0x00000000e2a00000)
  to   space 5120K, 0% used [0x00000000e2000000,0x00000000e2000000,0x00000000e2500000)
 ParOldGen       total 32768K, used 7831K [0x00000000a0000000, 0x00000000a2000000, 0x00000000e0000000)
  object space 32768K, 23% used [0x00000000a0000000,0x00000000a07a5fc8,0x00000000a2000000)
 Metaspace       used 25709K, capacity 26110K, committed 26240K, reserved 1071104K
  class space    used 3467K, capacity 3640K, committed 3712K, reserved 1048576K
}
Event: 10.335 GC heap before
{Heap before GC invocations=12 (full 1):
 PSYoungGen      total 37888K, used 37219K [0x00000000e0000000, 0x00000000e2a00000, 0x0000000100000000)
  eden space 32768K, 100% used [0x00000000e0000000,0x00000000e2000000,0x00000000e2000000)
  from space 5120K, 86% used [0x00000000e2500000,0x00000000e2958e48,0x00000000e2a00000)
  to   space 5120K, 0% used [0x00000000e2000000,0x00000000e2000000,0x00000000e2500000)
 ParOldGen       total 32768K, used 7831K [0x00000000a0000000, 0x00000000a2000000, 0x00000000e0000000)
  object space 32768K, 23% used [0x00000000a0000000,0x00000000a07a5fc8,0x00000000a2000000)
 Metaspace       used 28775K, capacity 29228K, committed 29440K, reserved 1075200K
  class space    used 3870K, capacity 4035K, committed 4096K, reserved 1048576K
Event: 10.347 GC heap after
Heap after GC invocations=12 (full 1):
 PSYoungGen      total 37888K, used 3517K [0x00000000e0000000, 0x00000000e3a00000, 0x0000000100000000)
  eden space 32768K, 0% used [0x00000000e0000000,0x00000000e0000000,0x00000000e2000000)
  from space 5120K, 68% used [0x00000000e2000000,0x00000000e236f788,0x00000000e2500000)
  to   space 7168K, 0% used [0x00000000e3300000,0x00000000e3300000,0x00000000e3a00000)
 ParOldGen       total 32768K, used 10223K [0x00000000a0000000, 0x00000000a2000000, 0x00000000e0000000)
  object space 32768K, 31% used [0x00000000a0000000,0x00000000a09fbfd8,0x00000000a2000000)
 Metaspace       used 28775K, capacity 29228K, committed 29440K, reserved 1075200K
  class space    used 3870K, capacity 4035K, committed 4096K, reserved 1048576K
}
Event: 11.117 GC heap before
{Heap before GC invocations=13 (full 1):
 PSYoungGen      total 37888K, used 36285K [0x00000000e0000000, 0x00000000e3a00000, 0x0000000100000000)
  eden space 32768K, 100% used [0x00000000e0000000,0x00000000e2000000,0x00000000e2000000)
  from space 5120K, 68% used [0x00000000e2000000,0x00000000e236f788,0x00000000e2500000)
  to   space 7168K, 0% used [0x00000000e3300000,0x00000000e3300000,0x00000000e3a00000)
 ParOldGen       total 32768K, used 10223K [0x00000000a0000000, 0x00000000a2000000, 0x00000000e0000000)
  object space 32768K, 31% used [0x00000000a0000000,0x00000000a09fbfd8,0x00000000a2000000)
 Metaspace       used 30270K, capacity 30760K, committed 30976K, reserved 1075200K
  class space    used 4130K, capacity 4330K, committed 4352K, reserved 1048576K
Event: 11.134 GC heap after
Heap after GC invocations=13 (full 1):
 PSYoungGen      total 52224K, used 2608K [0x00000000e0000000, 0x00000000e3a00000, 0x0000000100000000)
  eden space 45056K, 0% used [0x00000000e0000000,0x00000000e0000000,0x00000000e2c00000)
  from space 7168K, 36% used [0x00000000e3300000,0x00000000e358c080,0x00000000e3a00000)
  to   space 7168K, 0% used [0x00000000e2c00000,0x00000000e2c00000,0x00000000e3300000)
 ParOldGen       total 32768K, used 11123K [0x00000000a0000000, 0x00000000a2000000, 0x00000000e0000000)
  object space 32768K, 33% used [0x00000000a0000000,0x00000000a0adcfe8,0x00000000a2000000)
 Metaspace       used 30270K, capacity 30760K, committed 30976K, reserved 1075200K
  class space    used 4130K, capacity 4330K, committed 4352K, reserved 1048576K
}

